Using pre-set license
Built from '2020.3/staging' branch; Version is '2020.3.26f1 (7298b473bc1a) revision 7510196'; Using compiler version '192528614'; Build Type 'Release'
OS: 'Windows 8.1  (6.3.0) 64bit Professional' Language: 'es' Physical Memory: 3894 MB
BatchMode: 1, IsHumanControllingUs: 0, StartBugReporterOnCrash: 0, Is64bit: 1, IsPro: 0

COMMAND LINE ARGUMENTS:
C:\Program Files\Unity 2020.3.26f1\Editor\Unity.exe
-adb2
-batchMode
-noUpm
-name
AssetImportWorker131
-projectPath
C:/Users/dell/Documents/GitHub/IHC_Pr-ctica-1
-logFile
Logs/AssetImportWorker131.log
-srvPort
57981
Successfully changed project path to: C:/Users/dell/Documents/GitHub/IHC_Pr-ctica-1
C:/Users/dell/Documents/GitHub/IHC_Pr-ctica-1
Using Asset Import Pipeline V2.
