Using pre-set license
Built from '2020.3/staging' branch; Version is '2020.3.26f1 (7298b473bc1a) revision 7510196'; Using compiler version '192528614'; Build Type 'Release'
OS: 'Windows 8.1  (6.3.0) 64bit Professional' Language: 'es' Physical Memory: 3894 MB
BatchMode: 1, IsHumanControllingUs: 0, StartBugReporterOnCrash: 0, Is64bit: 1, IsPro: 0

COMMAND LINE ARGUMENTS:
C:\Program Files\Unity 2020.3.26f1\Editor\Unity.exe
-adb2
-batchMode
-noUpm
-name
AssetImportWorker159
-projectPath
C:/Users/dell/Documents/GitHub/IHC_Pr-ctica-1
-logFile
Logs/AssetImportWorker159.log
-srvPort
57981
Successfully changed project path to: C:/Users/dell/Documents/GitHub/IHC_Pr-ctica-1
C:/Users/dell/Documents/GitHub/IHC_Pr-ctica-1
Using Asset Import Pipeline V2.
Assertion failed on expression: 'm_ErrorCode == MDB_MAP_RESIZED || !HasAbortingErrors()'
Asset database transaction committed twice!
Assertion failed on expression: 'errors == MDB_SUCCESS || errors == MDB_NOTFOUND'
Assertion failed on expression: 'm_ErrorCode == MDB_MAP_RESIZED || !HasAbortingErrors()'
Asset database transaction committed twice!
Assertion failed on expression: 'errors == MDB_SUCCESS || errors == MDB_NOTFOUND'
Assertion failed on expression: 'm_ErrorCode == MDB_MAP_RESIZED || !HasAbortingErrors()'
Asset database transaction committed twice!
Assertion failed on expression: 'errors == MDB_SUCCESS || errors == MDB_NOTFOUND'
Refreshing native plugins compatible for Editor in 0.69 ms, found 0 plugins.
Preloading 0 native plugins for Editor in 0.00 ms.
Initialize engine version: 2020.3.26f1 (7298b473bc1a)
[Subsystems] Discovering subsystems at path C:/Program Files/Unity 2020.3.26f1/Editor/Data/Resources/UnitySubsystems
[Subsystems] Discovering subsystems at path C:/Users/dell/Documents/GitHub/IHC_Pr-ctica-1/Assets
GfxDevice: creating device client; threaded=0
d3d11: QueryInterface(IDXGIFactory5) failed (80004002).
Direct3D:
    Version:  Direct3D 11.0 [level 10.0]
    Renderer: Intel(R) HD Graphics (ID=0x46)
    Vendor:   
    VRAM:     1632 MB
    Driver:   8.15.10.2900
Assertion failed on expression: 'm_ErrorCode == MDB_MAP_RESIZED || !HasAbortingErrors()'
Asset database transaction committed twice!
Assertion failed on expression: 'errors == MDB_SUCCESS || errors == MDB_NOTFOUND'
Assertion failed on expression: 'm_ErrorCode == MDB_MAP_RESIZED || !HasAbortingErrors()'
Asset database transaction committed twice!
Assertion failed on expression: 'errors == MDB_SUCCESS || errors == MDB_NOTFOUND'
Assertion failed on expression: 'm_ErrorCode == MDB_MAP_RESIZED || !HasAbortingErrors()'
Asset database transaction committed twice!
Assertion failed on expression: 'errors == MDB_SUCCESS || errors == MDB_NOTFOUND'
Assertion failed on expression: 'm_ErrorCode == MDB_MAP_RESIZED || !HasAbortingErrors()'
Asset database transaction committed twice!
Assertion failed on expression: 'errors == MDB_SUCCESS || errors == MDB_NOTFOUND'
Initialize mono
Mono path[0] = 'C:/Program Files/Unity 2020.3.26f1/Editor/Data/Managed'
Mono path[1] = 'C:/Program Files/Unity 2020.3.26f1/Editor/Data/MonoBleedingEdge/lib/mono/unityjit'
Mono config path = 'C:/Program Files/Unity 2020.3.26f1/Editor/Data/MonoBleedingEdge/etc'
Using monoOptions --debugger-agent=transport=dt_socket,embedding=1,server=y,suspend=n,address=127.0.0.1:56876
Assertion failed on expression: 'm_ErrorCode == MDB_MAP_RESIZED || !HasAbortingErrors()'
Asset database transaction committed twice!
Assertion failed on expression: 'errors == MDB_SUCCESS || errors == MDB_NOTFOUND'
Assertion failed on expression: 'm_ErrorCode == MDB_MAP_RESIZED || !HasAbortingErrors()'
Asset database transaction committed twice!
Assertion failed on expression: 'errors == MDB_SUCCESS || errors == MDB_NOTFOUND'
Assertion failed on expression: 'm_ErrorCode == MDB_MAP_RESIZED || !HasAbortingErrors()'
Asset database transaction committed twice!
Assertion failed on expression: 'errors == MDB_SUCCESS || errors == MDB_NOTFOUND'
Assertion failed on expression: 'm_ErrorCode == MDB_MAP_RESIZED || !HasAbortingErrors()'
Asset database transaction committed twice!
Assertion failed on expression: 'errors == MDB_SUCCESS || errors == MDB_NOTFOUND'
Assertion failed on expression: 'm_ErrorCode == MDB_MAP_RESIZED || !HasAbortingErrors()'
Asset database transaction committed twice!
Assertion failed on expression: 'errors == MDB_SUCCESS || errors == MDB_NOTFOUND'
Assertion failed on expression: 'm_ErrorCode == MDB_MAP_RESIZED || !HasAbortingErrors()'
Asset database transaction committed twice!
Assertion failed on expression: 'errors == MDB_SUCCESS || errors == MDB_NOTFOUND'
Begin MonoManager ReloadAssembly
Registering precompiled unity dll's ...
Assertion failed on expression: 'm_ErrorCode == MDB_MAP_RESIZED || !HasAbortingErrors()'
Asset database transaction committed twice!
Assertion failed on expression: 'errors == MDB_SUCCESS || errors == MDB_NOTFOUND'
Register platform support module: C:/Program Files/Unity 2020.3.26f1/Editor/Data/PlaybackEngines/WindowsStandaloneSupport/UnityEditor.WindowsStandalone.Extensions.dll
Assertion failed on expression: 'm_ErrorCode == MDB_MAP_RESIZED || !HasAbortingErrors()'
Asset database transaction committed twice!
Assertion failed on expression: 'errors == MDB_SUCCESS || errors == MDB_NOTFOUND'
Registered in 0.054946 seconds.
Assertion failed on expression: 'm_ErrorCode == MDB_MAP_RESIZED || !HasAbortingErrors()'
Asset database transaction committed twice!
Assertion failed on expression: 'errors == MDB_SUCCESS || errors == MDB_NOTFOUND'
Assertion failed on expression: 'm_ErrorCode == MDB_MAP_RESIZED || !HasAbortingErrors()'
Asset database transaction committed twice!
Assertion failed on expression: 'errors == MDB_SUCCESS || errors == MDB_NOTFOUND'
Assertion failed on expression: 'm_ErrorCode == MDB_MAP_RESIZED || !HasAbortingErrors()'
Asset database transaction committed twice!
Assertion failed on expression: 'errors == MDB_SUCCESS || errors == MDB_NOTFOUND'
Assertion failed on expression: 'm_ErrorCode == MDB_MAP_RESIZED || !HasAbortingErrors()'
Asset database transaction committed twice!
Assertion failed on expression: 'errors == MDB_SUCCESS || errors == MDB_NOTFOUND'
Assertion failed on expression: 'm_ErrorCode == MDB_MAP_RESIZED || !HasAbortingErrors()'
Asset database transaction committed twice!
Assertion failed on expression: 'errors == MDB_SUCCESS || errors == MDB_NOTFOUND'
Assertion failed on expression: 'm_ErrorCode == MDB_MAP_RESIZED || !HasAbortingErrors()'
Asset database transaction committed twice!
Assertion failed on expression: 'errors == MDB_SUCCESS || errors == MDB_NOTFOUND'
Assertion failed on expression: 'm_ErrorCode == MDB_MAP_RESIZED || !HasAbortingErrors()'
Asset database transaction committed twice!
Assertion failed on expression: 'errors == MDB_SUCCESS || errors == MDB_NOTFOUND'
Assertion failed on expression: 'm_ErrorCode == MDB_MAP_RESIZED || !HasAbortingErrors()'
Asset database transaction committed twice!
Assertion failed on expression: 'errors == MDB_SUCCESS || errors == MDB_NOTFOUND'
Assertion failed on expression: 'm_ErrorCode == MDB_MAP_RESIZED || !HasAbortingErrors()'
Asset database transaction committed twice!
Assertion failed on expression: 'errors == MDB_SUCCESS || errors == MDB_NOTFOUND'
Assertion failed on expression: 'm_ErrorCode == MDB_MAP_RESIZED || !HasAbortingErrors()'
Asset database transaction committed twice!
Assertion failed on expression: 'errors == MDB_SUCCESS || errors == MDB_NOTFOUND'
Assertion failed on expression: 'm_ErrorCode == MDB_MAP_RESIZED || !HasAbortingErrors()'
Asset database transaction committed twice!
Assertion failed on expression: 'errors == MDB_SUCCESS || errors == MDB_NOTFOUND'
Assertion failed on expression: 'm_ErrorCode == MDB_MAP_RESIZED || !HasAbortingErrors()'
Asset database transaction committed twice!
Assertion failed on expression: 'errors == MDB_SUCCESS || errors == MDB_NOTFOUND'
Assertion failed on expression: 'm_ErrorCode == MDB_MAP_RESIZED || !HasAbortingErrors()'
Asset database transaction committed twice!
Assertion failed on expression: 'errors == MDB_SUCCESS || errors == MDB_NOTFOUND'
Assertion failed on expression: 'm_ErrorCode == MDB_MAP_RESIZED || !HasAbortingErrors()'
Asset database transaction committed twice!
Assertion failed on expression: 'errors == MDB_SUCCESS || errors == MDB_NOTFOUND'
Assertion failed on expression: 'm_ErrorCode == MDB_MAP_RESIZED || !HasAbortingErrors()'
Asset database transaction committed twice!
Assertion failed on expression: 'errors == MDB_SUCCESS || errors == MDB_NOTFOUND'
Native extension for WindowsStandalone target not found
Assertion failed on expression: 'm_ErrorCode == MDB_MAP_RESIZED || !HasAbortingErrors()'
Asset database transaction committed twice!
Assertion failed on expression: 'errors == MDB_SUCCESS || errors == MDB_NOTFOUND'
Refreshing native plugins compatible for Editor in 6.12 ms, found 0 plugins.
Preloading 0 native plugins for Editor in 0.00 ms.
